Copyright 1986-2022 Xilinx, Inc. All Rights Reserved. Copyright 2022-2024 Advanced Micro Devices, Inc. All Rights Reserved.
------------------------------------------------------------------------------------------------------------------------------------------------------------------------------------------------------------------------------
| Tool Version : Vivado v.2024.2 (win64) Build 5239630 Fri Nov 08 22:35:27 MST 2024
| Date         : Wed May 20 00:00:54 2026
| Host         : Yogeswara_Reddy running 64-bit major release  (build 9200)
| Command      : report_timing_summary -max_paths 10 -report_unconstrained -file top_wrapper_timing_summary_routed.rpt -pb top_wrapper_timing_summary_routed.pb -rpx top_wrapper_timing_summary_routed.rpx -warn_on_violation
| Design       : top_wrapper
| Device       : 7z010-clg400
| Speed File   : -1  PRODUCTION 1.12 2019-11-22
| Design State : Routed
------------------------------------------------------------------------------------------------------------------------------------------------------------------------------------------------------------------------------

Timing Summary Report

------------------------------------------------------------------------------------------------
| Timer Settings
| --------------
------------------------------------------------------------------------------------------------

  Enable Multi Corner Analysis               :  Yes
  Enable Pessimism Removal                   :  Yes
  Pessimism Removal Resolution               :  Nearest Common Node
  Enable Input Delay Default Clock           :  No
  Enable Preset / Clear Arcs                 :  No
  Disable Flight Delays                      :  No
  Ignore I/O Paths                           :  No
  Timing Early Launch at Borrowing Latches   :  No
  Borrow Time for Max Delay Exceptions       :  Yes
  Merge Timing Exceptions                    :  Yes
  Inter-SLR Compensation                     :  Conservative

  Corner  Analyze    Analyze    
  Name    Max Paths  Min Paths  
  ------  ---------  ---------  
  Slow    Yes        Yes        
  Fast    Yes        Yes        


------------------------------------------------------------------------------------------------
| Report Methodology
| ------------------
------------------------------------------------------------------------------------------------

Rule       Severity  Description                    Violations  
---------  --------  -----------------------------  ----------  
TIMING-18  Warning   Missing input or output delay  2           

Note: This report is based on the most recent report_methodology run and may not be up-to-date. Run report_methodology on the current design for the latest report.



check_timing report

Table of Contents
-----------------
1. checking no_clock (0)
2. checking constant_clock (0)
3. checking pulse_width_clock (0)
4. checking unconstrained_internal_endpoints (0)
5. checking no_input_delay (1)
6. checking no_output_delay (1)
7. checking multiple_clock (0)
8. checking generated_clocks (0)
9. checking loops (0)
10. checking partial_input_delay (0)
11. checking partial_output_delay (0)
12. checking latch_loops (0)

1. checking no_clock (0)
------------------------
 There are 0 register/latch pins with no clock.


2. checking constant_clock (0)
------------------------------
 There are 0 register/latch pins with constant_clock.


3. checking pulse_width_clock (0)
---------------------------------
 There are 0 register/latch pins which need pulse_width check


4. checking unconstrained_internal_endpoints (0)
------------------------------------------------
 There are 0 pins that are not constrained for maximum delay.

 There are 0 pins that are not constrained for maximum delay due to constant clock.


5. checking no_input_delay (1)
------------------------------
 There is 1 input port with no input delay specified. (HIGH)

 There are 0 input ports with no input delay but user has a false path constraint.


6. checking no_output_delay (1)
-------------------------------
 There is 1 port with no output delay specified. (HIGH)

 There are 0 ports with no output delay but user has a false path constraint

 There are 0 ports with no output delay but with a timing clock defined on it or propagating through it


7. checking multiple_clock (0)
------------------------------
 There are 0 register/latch pins with multiple clocks.


8. checking generated_clocks (0)
--------------------------------
 There are 0 generated clocks that are not connected to a clock source.


9. checking loops (0)
---------------------
 There are 0 combinational loops in the design.


10. checking partial_input_delay (0)
------------------------------------
 There are 0 input ports with partial input delay specified.


11. checking partial_output_delay (0)
-------------------------------------
 There are 0 ports with partial output delay specified.


12. checking latch_loops (0)
----------------------------
 There are 0 combinational latch loops in the design through latch input



------------------------------------------------------------------------------------------------
| Design Timing Summary
| ---------------------
------------------------------------------------------------------------------------------------

    WNS(ns)      TNS(ns)  TNS Failing Endpoints  TNS Total Endpoints      WHS(ns)      THS(ns)  THS Failing Endpoints  THS Total Endpoints     WPWS(ns)     TPWS(ns)  TPWS Failing Endpoints  TPWS Total Endpoints  
    -------      -------  ---------------------  -------------------      -------      -------  ---------------------  -------------------     --------     --------  ----------------------  --------------------  
        inf        0.000                      0                    2          inf        0.000                      0                    2        3.500        0.000                       0                     2  


All user specified timing constraints are met.


------------------------------------------------------------------------------------------------
| Clock Summary
| -------------
------------------------------------------------------------------------------------------------

Clock  Waveform(ns)         Period(ns)      Frequency(MHz)
-----  ------------         ----------      --------------
clk_i  {0.000 4.000}        8.000           125.000         


------------------------------------------------------------------------------------------------
| Intra Clock Table
| -----------------
------------------------------------------------------------------------------------------------

Clock             WNS(ns)      TNS(ns)  TNS Failing Endpoints  TNS Total Endpoints      WHS(ns)      THS(ns)  THS Failing Endpoints  THS Total Endpoints     WPWS(ns)     TPWS(ns)  TPWS Failing Endpoints  TPWS Total Endpoints  
-----             -------      -------  ---------------------  -------------------      -------      -------  ---------------------  -------------------     --------     --------  ----------------------  --------------------  
clk_i                                                                                                                                                           3.500        0.000                       0                     2  


------------------------------------------------------------------------------------------------
| Inter Clock Table
| -----------------
------------------------------------------------------------------------------------------------

From Clock    To Clock          WNS(ns)      TNS(ns)  TNS Failing Endpoints  TNS Total Endpoints      WHS(ns)      THS(ns)  THS Failing Endpoints  THS Total Endpoints  
----------    --------          -------      -------  ---------------------  -------------------      -------      -------  ---------------------  -------------------  


------------------------------------------------------------------------------------------------
| Other Path Groups Table
| -----------------------
------------------------------------------------------------------------------------------------

Path Group    From Clock    To Clock          WNS(ns)      TNS(ns)  TNS Failing Endpoints  TNS Total Endpoints      WHS(ns)      THS(ns)  THS Failing Endpoints  THS Total Endpoints  
----------    ----------    --------          -------      -------  ---------------------  -------------------      -------      -------  ---------------------  -------------------  


------------------------------------------------------------------------------------------------
| User Ignored Path Table
| -----------------------
------------------------------------------------------------------------------------------------

Path Group    From Clock    To Clock    
----------    ----------    --------    


------------------------------------------------------------------------------------------------
| Unconstrained Path Table
| ------------------------
------------------------------------------------------------------------------------------------

Path Group    From Clock    To Clock    
----------    ----------    --------    
(none)        clk_i                       
(none)                      clk_i         


------------------------------------------------------------------------------------------------
| Timing Details
| --------------
------------------------------------------------------------------------------------------------


---------------------------------------------------------------------------------------------------
From Clock:  clk_i
  To Clock:  clk_i

Setup :           NA  Failing Endpoints,  Worst Slack           NA  ,  Total Violation           NA
Hold  :           NA  Failing Endpoints,  Worst Slack           NA  ,  Total Violation           NA
PW    :            0  Failing Endpoints,  Worst Slack        3.500ns,  Total Violation        0.000ns
---------------------------------------------------------------------------------------------------


Pulse Width Checks
--------------------------------------------------------------------------------------
Clock Name:         clk_i
Waveform(ns):       { 0.000 4.000 }
Period(ns):         8.000
Sources:            { clk_i }

Check Type        Corner  Lib Pin  Reference Pin  Required(ns)  Actual(ns)  Slack(ns)  Location        Pin
Min Period        n/a     BUFG/I   n/a            2.155         8.000       5.845      BUFGCTRL_X0Y16  clk_i_IBUF_BUFG_inst/I
Min Period        n/a     FDCE/C   n/a            1.000         8.000       7.000      SLICE_X43Y31    u_data_mem_wb/wb_ack_o_reg/C
Low Pulse Width   Slow    FDCE/C   n/a            0.500         4.000       3.500      SLICE_X43Y31    u_data_mem_wb/wb_ack_o_reg/C
Low Pulse Width   Fast    FDCE/C   n/a            0.500         4.000       3.500      SLICE_X43Y31    u_data_mem_wb/wb_ack_o_reg/C
High Pulse Width  Slow    FDCE/C   n/a            0.500         4.000       3.500      SLICE_X43Y31    u_data_mem_wb/wb_ack_o_reg/C
High Pulse Width  Fast    FDCE/C   n/a            0.500         4.000       3.500      SLICE_X43Y31    u_data_mem_wb/wb_ack_o_reg/C



--------------------------------------------------------------------------------------
Path Group:  (none)
From Clock:  clk_i
  To Clock:  

Max Delay             1 Endpoint
Min Delay             1 Endpoint
--------------------------------------------------------------------------------------


Max Delay Paths
--------------------------------------------------------------------------------------
Slack:                    inf
  Source:                 u_data_mem_wb/wb_ack_o_reg/C
                            (rising edge-triggered cell FDCE clocked by clk_i  {rise@0.000ns fall@4.000ns period=8.000ns})
  Destination:            led_o
                            (output port)
  Path Group:             (none)
  Path Type:              Max at Slow Process Corner
  Data Path Delay:        6.433ns  (logic 3.987ns (61.979%)  route 2.446ns (38.021%))
  Logic Levels:           1  (OBUF=1)
  Clock Uncertainty:      0.025ns  ((TSJ^2 + TIJ^2)^1/2 + DJ) / 2 + PE
    Total System Jitter     (TSJ):    0.050ns
    Total Input Jitter      (TIJ):    0.000ns
    Discrete Jitter          (DJ):    0.000ns
    Phase Error              (PE):    0.000ns

    Location             Delay type                Incr(ns)  Path(ns)    Netlist Resource(s)
  -------------------------------------------------------------------    -------------------
                         (clock clk_i rise edge)      0.000     0.000 r  
    L16                                               0.000     0.000 r  clk_i (IN)
                         net (fo=0)                   0.000     0.000    clk_i
    L16                  IBUF (Prop_ibuf_I_O)         1.491     1.491 r  clk_i_IBUF_inst/O
                         net (fo=1, routed)           2.076     3.567    clk_i_IBUF
    BUFGCTRL_X0Y16       BUFG (Prop_bufg_I_O)         0.101     3.668 r  clk_i_IBUF_BUFG_inst/O
                         net (fo=1, routed)           1.746     5.414    u_data_mem_wb/clk_i_IBUF_BUFG
    SLICE_X43Y31         FDCE                                         r  u_data_mem_wb/wb_ack_o_reg/C
  -------------------------------------------------------------------    -------------------
    SLICE_X43Y31         FDCE (Prop_fdce_C_Q)         0.456     5.870 r  u_data_mem_wb/wb_ack_o_reg/Q
                         net (fo=1, routed)           2.446     8.316    led_o_OBUF
    M14                  OBUF (Prop_obuf_I_O)         3.531    11.847 r  led_o_OBUF_inst/O
                         net (fo=0)                   0.000    11.847    led_o
    M14                                                               r  led_o (OUT)
  -------------------------------------------------------------------    -------------------





Min Delay Paths
--------------------------------------------------------------------------------------
Slack:                    inf
  Source:                 u_data_mem_wb/wb_ack_o_reg/C
                            (rising edge-triggered cell FDCE clocked by clk_i  {rise@0.000ns fall@4.000ns period=8.000ns})
  Destination:            led_o
                            (output port)
  Path Group:             (none)
  Path Type:              Min at Fast Process Corner
  Data Path Delay:        2.042ns  (logic 1.373ns (67.241%)  route 0.669ns (32.759%))
  Logic Levels:           1  (OBUF=1)
  Clock Uncertainty:      0.025ns  ((TSJ^2 + TIJ^2)^1/2 + DJ) / 2 + PE
    Total System Jitter     (TSJ):    0.050ns
    Total Input Jitter      (TIJ):    0.000ns
    Discrete Jitter          (DJ):    0.000ns
    Phase Error              (PE):    0.000ns

    Location             Delay type                Incr(ns)  Path(ns)    Netlist Resource(s)
  -------------------------------------------------------------------    -------------------
                         (clock clk_i rise edge)      0.000     0.000 r  
    L16                                               0.000     0.000 r  clk_i (IN)
                         net (fo=0)                   0.000     0.000    clk_i
    L16                  IBUF (Prop_ibuf_I_O)         0.259     0.259 r  clk_i_IBUF_inst/O
                         net (fo=1, routed)           0.627     0.886    clk_i_IBUF
    BUFGCTRL_X0Y16       BUFG (Prop_bufg_I_O)         0.026     0.912 r  clk_i_IBUF_BUFG_inst/O
                         net (fo=1, routed)           0.587     1.499    u_data_mem_wb/clk_i_IBUF_BUFG
    SLICE_X43Y31         FDCE                                         r  u_data_mem_wb/wb_ack_o_reg/C
  -------------------------------------------------------------------    -------------------
    SLICE_X43Y31         FDCE (Prop_fdce_C_Q)         0.141     1.640 r  u_data_mem_wb/wb_ack_o_reg/Q
                         net (fo=1, routed)           0.669     2.309    led_o_OBUF
    M14                  OBUF (Prop_obuf_I_O)         1.232     3.541 r  led_o_OBUF_inst/O
                         net (fo=0)                   0.000     3.541    led_o
    M14                                                               r  led_o (OUT)
  -------------------------------------------------------------------    -------------------





--------------------------------------------------------------------------------------
Path Group:  (none)
From Clock:  
  To Clock:  clk_i

Max Delay             1 Endpoint
Min Delay             1 Endpoint
--------------------------------------------------------------------------------------


Max Delay Paths
--------------------------------------------------------------------------------------
Slack:                    inf
  Source:                 rst_i
                            (input port)
  Destination:            u_data_mem_wb/wb_ack_o_reg/CLR
                            (recovery check against rising-edge clock clk_i  {rise@0.000ns fall@4.000ns period=8.000ns})
  Path Group:             (none)
  Path Type:              Recovery (Max at Slow Process Corner)
  Data Path Delay:        3.213ns  (logic 1.459ns (45.410%)  route 1.754ns (54.590%))
  Logic Levels:           1  (IBUF=1)
  Clock Path Skew:        4.961ns (DCD - SCD + CPR)
    Destination Clock Delay (DCD):    4.961ns
    Source Clock Delay      (SCD):    0.000ns
    Clock Pessimism Removal (CPR):    0.000ns
  Clock Uncertainty:      0.025ns  ((TSJ^2 + TIJ^2)^1/2 + DJ) / 2 + PE
    Total System Jitter     (TSJ):    0.050ns
    Total Input Jitter      (TIJ):    0.000ns
    Discrete Jitter          (DJ):    0.000ns
    Phase Error              (PE):    0.000ns

    Location             Delay type                Incr(ns)  Path(ns)    Netlist Resource(s)
  -------------------------------------------------------------------    -------------------
    R18                                               0.000     0.000 f  rst_i (IN)
                         net (fo=0)                   0.000     0.000    rst_i
    R18                  IBUF (Prop_ibuf_I_O)         1.459     1.459 f  rst_i_IBUF_inst/O
                         net (fo=1, routed)           1.754     3.213    u_data_mem_wb/rst_i_IBUF
    SLICE_X43Y31         FDCE                                         f  u_data_mem_wb/wb_ack_o_reg/CLR
  -------------------------------------------------------------------    -------------------

                         (clock clk_i rise edge)      0.000     0.000 r  
    L16                                               0.000     0.000 r  clk_i (IN)
                         net (fo=0)                   0.000     0.000    clk_i
    L16                  IBUF (Prop_ibuf_I_O)         1.421     1.421 r  clk_i_IBUF_inst/O
                         net (fo=1, routed)           1.880     3.301    clk_i_IBUF
    BUFGCTRL_X0Y16       BUFG (Prop_bufg_I_O)         0.091     3.392 r  clk_i_IBUF_BUFG_inst/O
                         net (fo=1, routed)           1.569     4.961    u_data_mem_wb/clk_i_IBUF_BUFG
    SLICE_X43Y31         FDCE                                         r  u_data_mem_wb/wb_ack_o_reg/C





Min Delay Paths
--------------------------------------------------------------------------------------
Slack:                    inf
  Source:                 rst_i
                            (input port)
  Destination:            u_data_mem_wb/wb_ack_o_reg/CLR
                            (removal check against rising-edge clock clk_i  {rise@0.000ns fall@4.000ns period=8.000ns})
  Path Group:             (none)
  Path Type:              Removal (Min at Fast Process Corner)
  Data Path Delay:        0.937ns  (logic 0.227ns (24.227%)  route 0.710ns (75.773%))
  Logic Levels:           1  (IBUF=1)
  Clock Path Skew:        2.013ns (DCD - SCD - CPR)
    Destination Clock Delay (DCD):    2.013ns
    Source Clock Delay      (SCD):    0.000ns
    Clock Pessimism Removal (CPR):    -0.000ns

    Location             Delay type                Incr(ns)  Path(ns)    Netlist Resource(s)
  -------------------------------------------------------------------    -------------------
    R18                                               0.000     0.000 f  rst_i (IN)
                         net (fo=0)                   0.000     0.000    rst_i
    R18                  IBUF (Prop_ibuf_I_O)         0.227     0.227 f  rst_i_IBUF_inst/O
                         net (fo=1, routed)           0.710     0.937    u_data_mem_wb/rst_i_IBUF
    SLICE_X43Y31         FDCE                                         f  u_data_mem_wb/wb_ack_o_reg/CLR
  -------------------------------------------------------------------    -------------------

                         (clock clk_i rise edge)      0.000     0.000 r  
    L16                                               0.000     0.000 r  clk_i (IN)
                         net (fo=0)                   0.000     0.000    clk_i
    L16                  IBUF (Prop_ibuf_I_O)         0.447     0.447 r  clk_i_IBUF_inst/O
                         net (fo=1, routed)           0.683     1.130    clk_i_IBUF
    BUFGCTRL_X0Y16       BUFG (Prop_bufg_I_O)         0.029     1.159 r  clk_i_IBUF_BUFG_inst/O
                         net (fo=1, routed)           0.854     2.013    u_data_mem_wb/clk_i_IBUF_BUFG
    SLICE_X43Y31         FDCE                                         r  u_data_mem_wb/wb_ack_o_reg/C





